<?xml version="1.0" encoding="utf-8"?><testsuites name="pytest tests"><testsuite name="pytest" errors="0" failures="0" skipped="0" tests="10" time="10.741" timestamp="2026-05-21T09:09:40.224065+00:00" hostname="agent-env-53644200-4f53-47f1-a6d4-19ed2dabe780"><testcase classname="backend.tests.test_card_config.TestCardConfigGet" name="test_get_requires_auth" time="0.565" /><testcase classname="backend.tests.test_card_config.TestCardConfigGet" name="test_get_returns_full_config_with_defaults" time="1.095" /><testcase classname="backend.tests.test_card_config.TestCardConfigPatch" name="test_patch_requires_auth" time="0.093" /><testcase classname="backend.tests.test_card_config.TestCardConfigPatch" name="test_patch_updates_all_seven_fields_and_persists" time="1.837" /><testcase classname="backend.tests.test_card_config.TestCardConfigPatch" name="test_patch_rejects_invalid_plantilla" time="0.577" /><testcase classname="backend.tests.test_card_config.TestCardConfigPatch" name="test_patch_rejects_radio_out_of_range_low" time="0.570" /><testcase classname="backend.tests.test_card_config.TestCardConfigPatch" name="test_patch_rejects_radio_out_of_range_high" time="0.561" /><testcase classname="backend.tests.test_card_config.TestCardConfigPatch" name="test_patch_rejects_long_nombre_programa" time="0.590" /><testcase classname="backend.tests.test_card_config.TestCardConfigPatch" name="test_patch_rejects_long_mensaje_geopush" time="0.589" /><testcase classname="backend.tests.test_card_config.TestCardConfigPatch" name="test_patch_accepts_all_four_templates" time="4.239" /></testsuite></testsuites>