<?xml version="1.0" encoding="utf-8"?><testsuites name="pytest tests"><testsuite name="pytest" errors="0" failures="0" skipped="0" tests="11" time="18.206" timestamp="2026-05-21T10:15:15.564688+00:00" hostname="agent-env-53644200-4f53-47f1-a6d4-19ed2dabe780"><testcase classname="backend.tests.test_onboarding.TestOnboardingHappyPath" name="test_happy_path_creates_tenant" time="1.269" /><testcase classname="backend.tests.test_onboarding.TestOnboardingHappyPath" name="test_auth_me_after_onboarding" time="2.124" /><testcase classname="backend.tests.test_onboarding.TestOnboardingDuplicate" name="test_duplicate_email_returns_409" time="1.231" /><testcase classname="backend.tests.test_onboarding.TestOnboardingValidation" name="test_short_nombre_marca_returns_422" time="0.162" /><testcase classname="backend.tests.test_onboarding.TestOnboardingValidation" name="test_missing_email_returns_422" time="0.144" /><testcase classname="backend.tests.test_onboarding.TestOnboardingValidation" name="test_short_password_returns_422" time="0.127" /><testcase classname="backend.tests.test_onboarding.TestOnboardingSlug" name="test_slug_accents_normalized" time="1.175" /><testcase classname="backend.tests.test_onboarding.TestOnboardingSlug" name="test_slug_collision_adds_suffix" time="1.965" /><testcase classname="backend.tests.test_onboarding.TestOnboardingGeocoding" name="test_real_address_gets_geocoded" time="1.100" /><testcase classname="backend.tests.test_onboarding.TestOnboardingGeocoding" name="test_bogus_address_still_creates_tenant" time="1.463" /><testcase classname="backend.tests.test_onboarding.TestOnboardingGeocoding" name="test_client_provided_latlng_wins_over_geocode" time="7.405" /></testsuite></testsuites>