<?xml version="1.0" encoding="utf-8"?><testsuites name="pytest tests"><testsuite name="pytest" errors="0" failures="0" skipped="0" tests="17" time="19.540" timestamp="2026-05-21T09:39:02.702109+00:00" hostname="agent-env-53644200-4f53-47f1-a6d4-19ed2dabe780"><testcase classname="backend.tests.test_preview_pass.TestPreviewPassPost" name="test_post_no_auth_required" time="2.079" /><testcase classname="backend.tests.test_preview_pass.TestPreviewPassPost" name="test_post_returns_base64_with_overlay" time="1.753" /><testcase classname="backend.tests.test_preview_pass.TestPreviewPassPost" name="test_post_does_not_write_to_db" time="1.408" /><testcase classname="backend.tests.test_preview_pass.TestPreviewPassPost" name="test_post_unknown_tenant_returns_404" time="0.338" /><testcase classname="backend.tests.test_preview_pass.TestPreviewPassGet" name="test_get_returns_pkpass_binary" time="0.682" /><testcase classname="backend.tests.test_preview_pass.TestPreviewPassGet" name="test_get_unknown_slug_returns_404" time="0.316" /><testcase classname="backend.tests.test_preview_pass.TestPreviewPassRateLimit" name="test_rate_limit_11th_call_returns_429" time="3.341" /><testcase classname="backend.tests.test_card_config.TestCardConfigGet" name="test_get_requires_auth" time="0.159" /><testcase classname="backend.tests.test_card_config.TestCardConfigGet" name="test_get_returns_full_config_with_defaults" time="0.712" /><testcase classname="backend.tests.test_card_config.TestCardConfigPatch" name="test_patch_requires_auth" time="0.095" /><testcase classname="backend.tests.test_card_config.TestCardConfigPatch" name="test_patch_updates_all_seven_fields_and_persists" time="1.736" /><testcase classname="backend.tests.test_card_config.TestCardConfigPatch" name="test_patch_rejects_invalid_plantilla" time="0.567" /><testcase classname="backend.tests.test_card_config.TestCardConfigPatch" name="test_patch_rejects_radio_out_of_range_low" time="0.567" /><testcase classname="backend.tests.test_card_config.TestCardConfigPatch" name="test_patch_rejects_radio_out_of_range_high" time="0.590" /><testcase classname="backend.tests.test_card_config.TestCardConfigPatch" name="test_patch_rejects_long_nombre_programa" time="0.557" /><testcase classname="backend.tests.test_card_config.TestCardConfigPatch" name="test_patch_rejects_long_mensaje_geopush" time="0.575" /><testcase classname="backend.tests.test_card_config.TestCardConfigPatch" name="test_patch_accepts_all_four_templates" time="4.039" /></testsuite></testsuites>