<?xml version="1.0" encoding="utf-8"?><testsuites name="pytest tests"><testsuite name="pytest" errors="0" failures="0" skipped="0" tests="23" time="18.244" timestamp="2026-04-28T09:54:10.641768+00:00" hostname="agent-env-9cf99e7c-33b1-4068-9864-a943a57f330b"><testcase classname="backend.tests.test_geopass_api.TestHealth" name="test_root" time="0.178" /><testcase classname="backend.tests.test_geopass_api.TestHealth" name="test_health" time="0.048" /><testcase classname="backend.tests.test_geopass_api.TestAuth" name="test_me_no_token" time="0.093" /><testcase classname="backend.tests.test_geopass_api.TestAuth" name="test_me_bad_token" time="0.290" /><testcase classname="backend.tests.test_geopass_api.TestAuth" name="test_me_valid" time="0.888" /><testcase classname="backend.tests.test_geopass_api.TestDashboard" name="test_stats" time="1.192" /><testcase classname="backend.tests.test_geopass_api.TestDashboard" name="test_recent_socios" time="0.713" /><testcase classname="backend.tests.test_geopass_api.TestDashboard" name="test_recent_notifications" time="0.729" /><testcase classname="backend.tests.test_geopass_api.TestSocios" name="test_create_socio" time="0.999" /><testcase classname="backend.tests.test_geopass_api.TestSocios" name="test_list_socios_filters_tenant" time="0.748" /><testcase classname="backend.tests.test_geopass_api.TestSocios" name="test_get_socio_detail" time="0.979" /><testcase classname="backend.tests.test_geopass_api.TestSocios" name="test_get_socio_not_found" time="0.725" /><testcase classname="backend.tests.test_geopass_api.TestSocios" name="test_add_points" time="1.953" /><testcase classname="backend.tests.test_geopass_api.TestSocios" name="test_add_points_invalid_socio" time="0.782" /><testcase classname="backend.tests.test_geopass_api.TestNotifications" name="test_send_ambos" time="1.547" /><testcase classname="backend.tests.test_geopass_api.TestNotifications" name="test_send_wallet" time="1.404" /><testcase classname="backend.tests.test_geopass_api.TestNotifications" name="test_send_fcm" time="0.877" /><testcase classname="backend.tests.test_geopass_api.TestNotifications" name="test_list_notifications" time="0.745" /><testcase classname="backend.tests.test_geopass_api.TestPublic" name="test_get_tenant" time="0.268" /><testcase classname="backend.tests.test_geopass_api.TestPublic" name="test_get_tenant_not_found" time="0.253" /><testcase classname="backend.tests.test_geopass_api.TestPublic" name="test_registro_success" time="1.043" /><testcase classname="backend.tests.test_geopass_api.TestPublic" name="test_registro_duplicate" time="1.510" /><testcase classname="backend.tests.test_geopass_api.TestPublic" name="test_registro_bad_slug" time="0.254" /></testsuite></testsuites>