<?xml version="1.0" encoding="utf-8"?><testsuites name="pytest tests"><testsuite name="pytest" errors="0" failures="0" skipped="0" tests="26" time="33.073" timestamp="2026-05-04T08:59:37.629615+00:00" hostname="agent-env-9cf99e7c-33b1-4068-9864-a943a57f330b"><testcase classname="backend.tests.test_geopass_api.TestHealth" name="test_root" time="0.267" /><testcase classname="backend.tests.test_geopass_api.TestHealth" name="test_health" time="0.042" /><testcase classname="backend.tests.test_geopass_api.TestAuth" name="test_me_no_token" time="0.102" /><testcase classname="backend.tests.test_geopass_api.TestAuth" name="test_me_bad_token" time="0.391" /><testcase classname="backend.tests.test_geopass_api.TestAuth" name="test_me_valid" time="1.095" /><testcase classname="backend.tests.test_geopass_api.TestDashboard" name="test_stats" time="1.286" /><testcase classname="backend.tests.test_geopass_api.TestDashboard" name="test_recent_socios" time="0.906" /><testcase classname="backend.tests.test_geopass_api.TestDashboard" name="test_recent_notifications" time="0.694" /><testcase classname="backend.tests.test_geopass_api.TestSocios" name="test_create_socio" time="1.778" /><testcase classname="backend.tests.test_geopass_api.TestSocios" name="test_list_socios_filters_tenant" time="0.703" /><testcase classname="backend.tests.test_geopass_api.TestSocios" name="test_get_socio_detail" time="0.963" /><testcase classname="backend.tests.test_geopass_api.TestSocios" name="test_get_socio_not_found" time="0.722" /><testcase classname="backend.tests.test_geopass_api.TestSocios" name="test_add_points" time="1.955" /><testcase classname="backend.tests.test_geopass_api.TestSocios" name="test_add_points_invalid_socio" time="0.696" /><testcase classname="backend.tests.test_geopass_api.TestNotifications" name="test_send_ambos" time="6.824" /><testcase classname="backend.tests.test_geopass_api.TestNotifications" name="test_send_wallet" time="6.361" /><testcase classname="backend.tests.test_geopass_api.TestNotifications" name="test_send_fcm" time="0.837" /><testcase classname="backend.tests.test_geopass_api.TestNotifications" name="test_list_notifications" time="0.726" /><testcase classname="backend.tests.test_geopass_api.TestPublic" name="test_get_tenant" time="0.449" /><testcase classname="backend.tests.test_geopass_api.TestPublic" name="test_get_tenant_not_found" time="0.251" /><testcase classname="backend.tests.test_geopass_api.TestPublic" name="test_registro_success_with_pkpass" time="1.248" /><testcase classname="backend.tests.test_geopass_api.TestPublic" name="test_passes_download_ok" time="0.954" /><testcase classname="backend.tests.test_geopass_api.TestPublic" name="test_passes_download_unknown_serial_404" time="0.255" /><testcase classname="backend.tests.test_geopass_api.TestPublic" name="test_registro_duplicate" time="2.039" /><testcase classname="backend.tests.test_geopass_api.TestPublic" name="test_registro_bad_slug" time="0.245" /><testcase classname="backend.tests.test_geopass_api.TestAdminSocioRegression" name="test_admin_create_returns_plain_shape" time="1.215" /></testsuite></testsuites>