<?xml version="1.0" encoding="utf-8"?><testsuites name="pytest tests"><testsuite name="pytest" errors="0" failures="0" skipped="0" tests="26" time="78.833" timestamp="2026-05-05T08:58:26.042081+00:00" hostname="agent-env-9cf99e7c-33b1-4068-9864-a943a57f330b"><testcase classname="backend.tests.test_geopass_api.TestHealth" name="test_root" time="0.163" /><testcase classname="backend.tests.test_geopass_api.TestHealth" name="test_health" time="0.046" /><testcase classname="backend.tests.test_geopass_api.TestAuth" name="test_me_no_token" time="0.091" /><testcase classname="backend.tests.test_geopass_api.TestAuth" name="test_me_bad_token" time="0.275" /><testcase classname="backend.tests.test_geopass_api.TestAuth" name="test_me_valid" time="0.854" /><testcase classname="backend.tests.test_geopass_api.TestDashboard" name="test_stats" time="1.085" /><testcase classname="backend.tests.test_geopass_api.TestDashboard" name="test_recent_socios" time="0.693" /><testcase classname="backend.tests.test_geopass_api.TestDashboard" name="test_recent_notifications" time="0.748" /><testcase classname="backend.tests.test_geopass_api.TestSocios" name="test_create_socio" time="1.789" /><testcase classname="backend.tests.test_geopass_api.TestSocios" name="test_list_socios_filters_tenant" time="0.715" /><testcase classname="backend.tests.test_geopass_api.TestSocios" name="test_get_socio_detail" time="1.032" /><testcase classname="backend.tests.test_geopass_api.TestSocios" name="test_get_socio_not_found" time="0.714" /><testcase classname="backend.tests.test_geopass_api.TestSocios" name="test_add_points" time="1.924" /><testcase classname="backend.tests.test_geopass_api.TestSocios" name="test_add_points_invalid_socio" time="0.692" /><testcase classname="backend.tests.test_geopass_api.TestNotifications" name="test_send_ambos" time="37.270" /><testcase classname="backend.tests.test_geopass_api.TestNotifications" name="test_send_wallet" time="22.278" /><testcase classname="backend.tests.test_geopass_api.TestNotifications" name="test_send_fcm" time="0.876" /><testcase classname="backend.tests.test_geopass_api.TestNotifications" name="test_list_notifications" time="0.695" /><testcase classname="backend.tests.test_geopass_api.TestPublic" name="test_get_tenant" time="0.272" /><testcase classname="backend.tests.test_geopass_api.TestPublic" name="test_get_tenant_not_found" time="0.275" /><testcase classname="backend.tests.test_geopass_api.TestPublic" name="test_registro_success_with_pkpass" time="1.259" /><testcase classname="backend.tests.test_geopass_api.TestPublic" name="test_passes_download_ok" time="0.930" /><testcase classname="backend.tests.test_geopass_api.TestPublic" name="test_passes_download_unknown_serial_404" time="0.256" /><testcase classname="backend.tests.test_geopass_api.TestPublic" name="test_registro_duplicate" time="1.807" /><testcase classname="backend.tests.test_geopass_api.TestPublic" name="test_registro_bad_slug" time="0.273" /><testcase classname="backend.tests.test_geopass_api.TestAdminSocioRegression" name="test_admin_create_returns_plain_shape" time="1.790" /></testsuite></testsuites>