<?xml version="1.0" encoding="utf-8"?><testsuites name="pytest tests"><testsuite name="pytest" errors="0" failures="0" skipped="0" tests="26" time="49.193" timestamp="2026-05-21T09:09:56.079632+00:00" hostname="agent-env-53644200-4f53-47f1-a6d4-19ed2dabe780"><testcase classname="backend.tests.test_geopass_api.TestHealth" name="test_root" time="0.124" /><testcase classname="backend.tests.test_geopass_api.TestHealth" name="test_health" time="0.045" /><testcase classname="backend.tests.test_geopass_api.TestAuth" name="test_me_no_token" time="0.093" /><testcase classname="backend.tests.test_geopass_api.TestAuth" name="test_me_bad_token" time="0.296" /><testcase classname="backend.tests.test_geopass_api.TestAuth" name="test_me_valid" time="0.871" /><testcase classname="backend.tests.test_geopass_api.TestDashboard" name="test_stats" time="1.284" /><testcase classname="backend.tests.test_geopass_api.TestDashboard" name="test_recent_socios" time="0.682" /><testcase classname="backend.tests.test_geopass_api.TestDashboard" name="test_recent_notifications" time="0.690" /><testcase classname="backend.tests.test_geopass_api.TestSocios" name="test_create_socio" time="1.635" /><testcase classname="backend.tests.test_geopass_api.TestSocios" name="test_list_socios_filters_tenant" time="0.720" /><testcase classname="backend.tests.test_geopass_api.TestSocios" name="test_get_socio_detail" time="0.961" /><testcase classname="backend.tests.test_geopass_api.TestSocios" name="test_get_socio_not_found" time="0.713" /><testcase classname="backend.tests.test_geopass_api.TestSocios" name="test_add_points" time="1.908" /><testcase classname="backend.tests.test_geopass_api.TestSocios" name="test_add_points_invalid_socio" time="0.726" /><testcase classname="backend.tests.test_geopass_api.TestNotifications" name="test_send_ambos" time="16.408" /><testcase classname="backend.tests.test_geopass_api.TestNotifications" name="test_send_wallet" time="14.162" /><testcase classname="backend.tests.test_geopass_api.TestNotifications" name="test_send_fcm" time="1.164" /><testcase classname="backend.tests.test_geopass_api.TestNotifications" name="test_list_notifications" time="0.752" /><testcase classname="backend.tests.test_geopass_api.TestPublic" name="test_get_tenant" time="0.253" /><testcase classname="backend.tests.test_geopass_api.TestPublic" name="test_get_tenant_not_found" time="0.264" /><testcase classname="backend.tests.test_geopass_api.TestPublic" name="test_registro_success_with_pkpass" time="1.153" /><testcase classname="backend.tests.test_geopass_api.TestPublic" name="test_passes_download_ok" time="0.891" /><testcase classname="backend.tests.test_geopass_api.TestPublic" name="test_passes_download_unknown_serial_404" time="0.258" /><testcase classname="backend.tests.test_geopass_api.TestPublic" name="test_registro_duplicate" time="1.624" /><testcase classname="backend.tests.test_geopass_api.TestPublic" name="test_registro_bad_slug" time="0.273" /><testcase classname="backend.tests.test_geopass_api.TestAdminSocioRegression" name="test_admin_create_returns_plain_shape" time="1.211" /></testsuite></testsuites>