<?xml version="1.0" encoding="utf-8"?><testsuites name="pytest tests"><testsuite name="pytest" errors="0" failures="0" skipped="0" tests="17" time="21.324" timestamp="2026-05-05T08:57:59.938401+00:00" hostname="agent-env-9cf99e7c-33b1-4068-9864-a943a57f330b"><testcase classname="backend.tests.test_superadmin.TestSuperadminAccess" name="test_stats_requires_auth" time="0.279" /><testcase classname="backend.tests.test_superadmin.TestSuperadminAccess" name="test_stats_ok_for_superadmin" time="1.373" /><testcase classname="backend.tests.test_superadmin.TestSuperadminTenantsList" name="test_list_tenants" time="0.847" /><testcase classname="backend.tests.test_superadmin.TestSuperadminCRUD" name="test_create_tenant_bad_plan" time="0.580" /><testcase classname="backend.tests.test_superadmin.TestSuperadminCRUD" name="test_create_tenant_ok" time="1.029" /><testcase classname="backend.tests.test_superadmin.TestSuperadminCRUD" name="test_create_tenant_duplicate_slug_409" time="0.726" /><testcase classname="backend.tests.test_superadmin.TestSuperadminCRUD" name="test_get_tenant_detail" time="1.433" /><testcase classname="backend.tests.test_superadmin.TestSuperadminCRUD" name="test_get_tenant_detail_404" time="0.730" /><testcase classname="backend.tests.test_superadmin.TestSuperadminCRUD" name="test_patch_tenant_bad_plan" time="0.707" /><testcase classname="backend.tests.test_superadmin.TestSuperadminCRUD" name="test_patch_tenant_ok" time="2.386" /><testcase classname="backend.tests.test_superadmin.TestSuperadminCRUD" name="test_patch_slug_conflict_409" time="0.852" /><testcase classname="backend.tests.test_superadmin.TestSuperadminCRUD" name="test_deactivate_tenant" time="2.221" /><testcase classname="backend.tests.test_superadmin.TestSuperadminCRUD" name="test_delete_tenant" time="2.735" /><testcase classname="backend.tests.test_superadmin.TestImpersonation" name="test_me_default_tenant" time="0.612" /><testcase classname="backend.tests.test_superadmin.TestImpersonation" name="test_impersonate_other_tenant" time="1.470" /><testcase classname="backend.tests.test_superadmin.TestImpersonation" name="test_impersonate_socios_scoped" time="1.411" /><testcase classname="backend.tests.test_superadmin.TestImpersonation" name="test_cleanup_impersonation_tenant" time="1.886" /></testsuite></testsuites>